  과제3.cpp
C:\Users\USER-PC\SE\과제3\과제3소스코드\Assignment3\과제3.h(232,19): warning C4477: 'fscanf_s' : 서식 문자열 '%s'에 'unsigned int' 형식의 인수가 필요하지만 variadic 인수 2의 형식이 'size_t'입니다.
C:\Users\USER-PC\SE\과제3\과제3소스코드\Assignment3\과제3.h(232,19): message : 이 인수는 버퍼 크기로 사용됩니다.
C:\Users\USER-PC\SE\과제3\과제3소스코드\Assignment3\과제3.h(232,19): warning C4477: 'fscanf_s' : 서식 문자열 '%s'에 'unsigned int' 형식의 인수가 필요하지만 variadic 인수 4의 형식이 'size_t'입니다.
C:\Users\USER-PC\SE\과제3\과제3소스코드\Assignment3\과제3.h(232,19): message : 이 인수는 버퍼 크기로 사용됩니다.
C:\Users\USER-PC\SE\과제3\과제3소스코드\Assignment3\과제3.h(232,19): warning C4477: 'fscanf_s' : 서식 문자열 '%s'에 'unsigned int' 형식의 인수가 필요하지만 variadic 인수 6의 형식이 'size_t'입니다.
C:\Users\USER-PC\SE\과제3\과제3소스코드\Assignment3\과제3.h(232,19): message : 이 인수는 버퍼 크기로 사용됩니다.
C:\Users\USER-PC\SE\과제3\과제3소스코드\Assignment3\과제3.h(232,19): warning C4477: 'fscanf_s' : 서식 문자열 '%s'에 'unsigned int' 형식의 인수가 필요하지만 variadic 인수 8의 형식이 'size_t'입니다.
C:\Users\USER-PC\SE\과제3\과제3소스코드\Assignment3\과제3.h(232,19): message : 이 인수는 버퍼 크기로 사용됩니다.
C:\Users\USER-PC\SE\과제3\과제3소스코드\Assignment3\과제3.cpp(217,18): warning C4477: 'fscanf_s' : 서식 문자열 '%s'에 'unsigned int' 형식의 인수가 필요하지만 variadic 인수 2의 형식이 'size_t'입니다.
C:\Users\USER-PC\SE\과제3\과제3소스코드\Assignment3\과제3.cpp(217,18): message : 이 인수는 버퍼 크기로 사용됩니다.
C:\Users\USER-PC\SE\과제3\과제3소스코드\Assignment3\과제3.cpp(217,18): warning C4477: 'fscanf_s' : 서식 문자열 '%s'에 'unsigned int' 형식의 인수가 필요하지만 variadic 인수 4의 형식이 'size_t'입니다.
C:\Users\USER-PC\SE\과제3\과제3소스코드\Assignment3\과제3.cpp(217,18): message : 이 인수는 버퍼 크기로 사용됩니다.
C:\Users\USER-PC\SE\과제3\과제3소스코드\Assignment3\과제3.cpp(260,19): warning C4477: 'fscanf_s' : 서식 문자열 '%s'에 'unsigned int' 형식의 인수가 필요하지만 variadic 인수 2의 형식이 'size_t'입니다.
C:\Users\USER-PC\SE\과제3\과제3소스코드\Assignment3\과제3.cpp(260,19): message : 이 인수는 버퍼 크기로 사용됩니다.
C:\Users\USER-PC\SE\과제3\과제3소스코드\Assignment3\과제3.cpp(260,19): warning C4477: 'fscanf_s' : 서식 문자열 '%s'에 'unsigned int' 형식의 인수가 필요하지만 variadic 인수 4의 형식이 'size_t'입니다.
C:\Users\USER-PC\SE\과제3\과제3소스코드\Assignment3\과제3.cpp(260,19): message : 이 인수는 버퍼 크기로 사용됩니다.
C:\Users\USER-PC\SE\과제3\과제3소스코드\Assignment3\과제3.cpp(322,19): warning C4477: 'fscanf_s' : 서식 문자열 '%s'에 'unsigned int' 형식의 인수가 필요하지만 variadic 인수 2의 형식이 'size_t'입니다.
C:\Users\USER-PC\SE\과제3\과제3소스코드\Assignment3\과제3.cpp(322,19): message : 이 인수는 버퍼 크기로 사용됩니다.
C:\Users\USER-PC\SE\과제3\과제3소스코드\Assignment3\과제3.cpp(401,19): warning C4477: 'fscanf_s' : 서식 문자열 '%s'에 'unsigned int' 형식의 인수가 필요하지만 variadic 인수 2의 형식이 'size_t'입니다.
C:\Users\USER-PC\SE\과제3\과제3소스코드\Assignment3\과제3.cpp(401,19): message : 이 인수는 버퍼 크기로 사용됩니다.
  Assignment3.vcxproj -> C:\Users\USER-PC\SE\과제3\과제3소스코드\x64\Debug\과제3.exe
